  Constrain.cpp
E:\My Project\Completed\Constrain.cpp(11,13): warning C4267: 'initializing': conversion from 'size_t' to 'int', possible loss of data
E:\My Project\Completed\Constrain.cpp(60,13): warning C4267: 'initializing': conversion from 'size_t' to 'int', possible loss of data
E:\My Project\Completed\Constrain.cpp(160,13): warning C4267: 'initializing': conversion from 'size_t' to 'int', possible loss of data
E:\My Project\Completed\Constrain.cpp(363,11): warning C4267: 'initializing': conversion from 'size_t' to 'int', possible loss of data
  dsChiTietHoaDon.cpp
  dsHoaDon.cpp
E:\My Project\Completed\dsHoaDon.cpp(124,23): warning C4244: 'return': conversion from 'double' to 'int', possible loss of data
  dsNhanVien.cpp
E:\My Project\Completed\dsNhanVien.cpp(396,15): warning C4267: 'initializing': conversion from 'size_t' to 'int', possible loss of data
E:\My Project\Completed\dsNhanVien.cpp(289,7): warning C4101: 'signal': unreferenced local variable
E:\My Project\Completed\dsNhanVien.cpp(849,45): warning C4244: 'argument': conversion from 'double' to 'int', possible loss of data
E:\My Project\Completed\dsNhanVien.cpp(1054,6): warning C4101: 'event': unreferenced local variable
  dsVatTu.cpp
  Main.cpp
  mylib.cpp
  ProcessionFile.cpp
  UserInterface.cpp
  Generating Code...
  Quản lý vật tư.vcxproj -> E:\My Project\Completed\x64\Debug\Quản lý vật tư.exe
